ECHO ist ausgeschaltet (OFF).
. 
"starting database creation 12:01:06,80" 
. 
"try dropping database" 
1> 2> 1> 2> 1> 2> 1>  
 
"try creating database" 
1> 2> 1> 2> 1>  
 
"try creating tables" 
1> 2> 1> 2> 3> 4> 5> 6> 7> 8> 9> 1> 2> 3> 4> 5> 6> 1> 2> 3> 4> 5> 1> 2> 3> 4> 5> 6> 7> 1> 2> 3> 4> 5> 6> 7> 8> 9> 10> 11> 1> 2> 3> 4> 5> 6> 1> 2> 3> 4> 5> 6> 7> 1> 2> 3> 4> 5> 6> 1> 2> 3> 4> 5> 6> 1> 2> 3> 4> 5> 6> 1> 2> 3> 4> 5> 6> 1> 2> 3> 4> 5> 6> 1>  
 
"try creating primary keys" 
1> 2> 1> 2> 1> 2> 1> 2> 1> 2> 1> 2> 1> 2> 1> 2> 1> 2> 1> 2> 1> 2> 1> 2> 1> 2> 1>  
 
"try creating foreign keys" 
1> 2> 1> 2> 3> 4> 5> 1> 2> 3> 4> 5> 1> 2> 3> 4> 5> 1> 2> 3> 4> 5> 1> 2> 3> 4> 5> 1> 2> 3> 4> 5> 1> 2> 3> 4> 5> 1> 2> 3> 4> 5> 1> 2> 3> 4> 5> 1> 2> 3> 4> 5> 1> 2> 3> 4> 5> 1> 2> 3> 4> 5> 1>  
 
"try creating indexes" 
1> 2> 1> 2> 3> 1>  
 
"try creating checks" 
1> 2>  
 
"try creating function" 
1> 2> 1> 2> 3> 4> 5> 6> 7> 8> 9> 10> 11> 12> 13> 14> 15> 16> 17> 18> 19> 20> 21> 22> 23> 24> 25> 26> 1> 2> 3> 4> 5> 6> 7> 8> 9> 10> 11> 12> 13> 14> 15> 16> 17> 18> 19> 20> 21> 22> 23> 24> 25> 26> 27> 28> Meldung '207', Ebene '16', Status '1', Server 'ADMIN-PC', Prozedur 'ArtikelAnzeigenAktuell', Zeile 19
Ungltiger Spaltenname 'istGeloescht'.
1>  
 
"try inserting values" 
1> 2> 1> 2> 3> 4> 5> 6> 7> 8> 9> 10> 11> 12> 13> 14>  
Dummy Inserts
 
 
Land anlegen
 
(1 Zeile betroffen)
(1 Zeile betroffen)
(1 Zeile betroffen)
(1 Zeile betroffen)
(1 Zeile betroffen)
1> 2> 3> 4> 5> 6> 7> 8> 9> 10>  
Adresse anlegen
 
(1 Zeile betroffen)
(1 Zeile betroffen)
(1 Zeile betroffen)
(1 Zeile betroffen)
(1 Zeile betroffen)
1> 2> 3> 4> 5> 6> 7> 8> 9>  
Kunde anlegen
 
(1 Zeile betroffen)
(1 Zeile betroffen)
(1 Zeile betroffen)
(1 Zeile betroffen)
1> 2> 3> 4> 5> 6> 7> 8> 9> 10>  
Telefon anlegen
 
(1 Zeile betroffen)
(1 Zeile betroffen)
(1 Zeile betroffen)
(1 Zeile betroffen)
(1 Zeile betroffen)
1> 2> 3> 4> 5> 6> 7> 8> 9> 10> 11> 12> 13> 14> 15>  
Bestellung anlegen
 
(1 Zeile betroffen)
(1 Zeile betroffen)
(1 Zeile betroffen)
(1 Zeile betroffen)
(1 Zeile betroffen)
(1 Zeile betroffen)
(1 Zeile betroffen)
(1 Zeile betroffen)
(1 Zeile betroffen)
(1 Zeile betroffen)
1> 2> 3> 4> 5> 6> 7> 8> 9> 10>  
ArtikelDetail anlegen
 
(1 Zeile betroffen)
(1 Zeile betroffen)
(1 Zeile betroffen)
(1 Zeile betroffen)
(1 Zeile betroffen)
1> 2> 3> 4> 5> 6> 7> 8> 9> 10>  
Artikel anlegen
 
(1 Zeile betroffen)
(1 Zeile betroffen)
(1 Zeile betroffen)
(1 Zeile betroffen)
(1 Zeile betroffen)
1> 2> 3> 4> 5> 6> 7>  
Geloeschte Artikel erzeugen
 
(1 Zeile betroffen)
(1 Zeile betroffen)
1> 2> 3> 4> 5> 6> 7> 8> 9>  
AdresseKunde anlegen - Zwischentabelle
 
(1 Zeile betroffen)
(1 Zeile betroffen)
(1 Zeile betroffen)
(1 Zeile betroffen)
1> 2> 3> 4> 5> 6> 7> 8> 9> 10> 11> 12>  
ArtikelBestellung anlegen - Zwischentabelle
 
(1 Zeile betroffen)
(1 Zeile betroffen)
(1 Zeile betroffen)
(1 Zeile betroffen)
(1 Zeile betroffen)
(1 Zeile betroffen)
(1 Zeile betroffen)
1> 2> 3> 4> 5> 6> 7> 8> 9> 10>  
KundeBestellung anlegen - Zwischentabelle
 
(1 Zeile betroffen)
(1 Zeile betroffen)
(1 Zeile betroffen)
(1 Zeile betroffen)
(1 Zeile betroffen)
1> 2> 3> 4> 5> 6> 7> 8> 9>  
TelefonKunde anlegen - Zwischentabelle
 
(1 Zeile betroffen)
(1 Zeile betroffen)
(1 Zeile betroffen)
(1 Zeile betroffen)
1>  
 
. 
"stopping database creation 12:01:07,80" 
. 
