ECHO ist ausgeschaltet (OFF).
. 
"starting database creation 15:23:07,11" 
. 
"try dropping database" 
1> 2> 1> 2> 1> 2> 1>  
 
"try creating database" 
1> 2> 1> 2> 1>  
 
"try creating tables" 
1> 2> 1> 2> 3> 4> 5> 6> 7> 8> 9> 10> 1> 2> 3> 4> 5> 1> 2> 3> 4> 5> 6> 7> 1> 2> 3> 4> 5> 6> 7> 8> 9> 10> 11> 1> 2> 3> 4> 5> 1> 2> 3> 4> 5> 6> 7> 1> 2> 3> 4> 5> 6> 1> 2> 3> 4> 5> 6> 1> 2> 3> 4> 5> 6> 1> 2> 3> 4> 5> 6> 1> 2> 3> 4> 5> 6> 1>  
 
"try creating primary keys" 
1> 2> 1> 2> 1> 2> 1> 2> 1> 2> 1> 2> 1> 2> 1> 2> 1> 2> 1> 2> 1> 2> 1> 2> 1>  
 
"try creating foreign keys" 
1> 2> 1> 2> 3> 4> 5> 1> 2> 3> 4> 5> 1> 2> 3> 4> 5> 1> 2> 3> 4> 5> 1> 2> 3> 4> 5> 1> 2> 3> 4> 5> 1> 2> 3> 4> 5> 1> 2> 3> 4> 5> 1> 2> 3> 4> 5> 1> 2> 3> 4> 5> 1>  
 
"try creating indexes" 
1> 2> 1> 2> 3> 1>  
 
"try creating checks" 
1> 2>  
 
"try creating function" 
1> 2> 1> 2> 3> 4> 5> 6> 7> 8> 9> 10> 11> 12> 13> 14> 15> 16> 17> 18> 19> 20> 21> 22> 23> 24> 25> 26> 27> 28> 29> 30> 31> Meldung '443', Ebene '16', Status '14', Server 'ADMIN-PC', Prozedur 'AdresseNachLandAnzeigen', Zeile 10
Ungltige Verwendung eines BEGIN TRY-Operators mit Nebenwirkungen innerhalb
einer Funktion.
Meldung '443', Ebene '16', Status '14', Server 'ADMIN-PC', Prozedur 'AdresseNachLandAnzeigen', Zeile 23
Ungltige Verwendung eines END TRY-Operators mit Nebenwirkungen innerhalb
einer Funktion.
Meldung '443', Ebene '16', Status '14', Server 'ADMIN-PC', Prozedur 'AdresseNachLandAnzeigen', Zeile 24
Ungltige Verwendung eines BEGIN CATCH-Operators mit Nebenwirkungen innerhalb
einer Funktion.
Meldung '443', Ebene '16', Status '14', Server 'ADMIN-PC', Prozedur 'AdresseNachLandAnzeigen', Zeile 25
Ungltige Verwendung eines PRINT-Operators mit Nebenwirkungen innerhalb einer
Funktion.
Meldung '443', Ebene '16', Status '14', Server 'ADMIN-PC', Prozedur 'AdresseNachLandAnzeigen', Zeile 26
Ungltige Verwendung eines PRINT-Operators mit Nebenwirkungen innerhalb einer
Funktion.
Meldung '443', Ebene '16', Status '14', Server 'ADMIN-PC', Prozedur 'AdresseNachLandAnzeigen', Zeile 27
Ungltige Verwendung eines END CATCH-Operators mit Nebenwirkungen innerhalb
einer Funktion.
1> 2> 3> 4> 5> 6> 7> 8> 9> 10> 11> 12> 13> 14> 15> 16> 17> 18> 19> 20> 21> 22> 23> 24> 25> 26> 1> 2> 3> 4> 5> 6> 7> 8> 9> 10> 11> 12> 13> 14> 15> 16> 17> 18> 19> 20> 21> 22> 23> 24> 25> 26> 27> 28> 29> 30> 31> 32> 33> 34> 35> 36> 37> 38> 39> 40> 41> 42> 43> 44> 45> 46> 47> 48> 49> 50> 51> 52> 53> 54> 55> 56> 57> 58> 1> 2> 3> 4> 5> 6> 7> 8> 9> 10> 11> 12> 13> 14> 15> 16> 17> 18> 19> 20> 21> 22> 23> 24> 25> 26> 27> 28> 29> 30> 31> 32> 33> 34> 35> 36> 37> 38> 39> 40> 41> 42> 43> 44> 45> 46> 47> 48> 49> 50> 51> 52> 53> 54> 55> 56> 57> 58> 59> 60> 61> 62> 63> 64> 65> 66> 67> 68> 69> 70> 71> 72> 73> 74> 75> 76> 77> 78> Meldung '207', Ebene '16', Status '1', Server 'ADMIN-PC', Prozedur 'NeueAdresseAnlegen', Zeile 51
Ungltiger Spaltenname 'laenderVorwahl'.
1>  
 
"try inserting values" 
1> 2> 1> 2> 3> 4> 5> 6> 7> 8> 9> 10> 11> 12> 13> 14>  
Dummy Inserts
 
 
Land anlegen
 
(1 Zeile betroffen)
(1 Zeile betroffen)
(1 Zeile betroffen)
(1 Zeile betroffen)
(1 Zeile betroffen)
1> 2> 3> 4> 5> 6> 7> 8> 9> 10>  
Adresse anlegen
 
(1 Zeile betroffen)
(1 Zeile betroffen)
(1 Zeile betroffen)
(1 Zeile betroffen)
(1 Zeile betroffen)
1> 2> 3> 4> 5> 6> 7> 8> 9>  
Kunde anlegen
 
(1 Zeile betroffen)
(1 Zeile betroffen)
(1 Zeile betroffen)
(1 Zeile betroffen)
1> 2> 3> 4> 5> 6> 7> 8> 9> 10>  
Telefon anlegen
 
(1 Zeile betroffen)
(1 Zeile betroffen)
(1 Zeile betroffen)
(1 Zeile betroffen)
(1 Zeile betroffen)
1> 2> 3> 4> 5> 6> 7> 8> 9> 10> 11> 12> 13> 14> 15>  
Bestellung anlegen
 
(1 Zeile betroffen)
(1 Zeile betroffen)
(1 Zeile betroffen)
(1 Zeile betroffen)
(1 Zeile betroffen)
(1 Zeile betroffen)
(1 Zeile betroffen)
(1 Zeile betroffen)
(1 Zeile betroffen)
(1 Zeile betroffen)
1> 2> 3> 4> 5> 6> 7> 8> 9> 10>  
ArtikelDetail anlegen
 
(1 Zeile betroffen)
(1 Zeile betroffen)
(1 Zeile betroffen)
(1 Zeile betroffen)
(1 Zeile betroffen)
1> 2> 3> 4> 5> 6> 7> 8> 9> 10> 11>  
Artikel anlegen
 
(1 Zeile betroffen)
(1 Zeile betroffen)
(1 Zeile betroffen)
(1 Zeile betroffen)
(1 Zeile betroffen)
1> 2> 3> 4> 5> 6> 7> 8> 9>  
AdresseKunde anlegen - Zwischentabelle
 
(1 Zeile betroffen)
(1 Zeile betroffen)
(1 Zeile betroffen)
(1 Zeile betroffen)
1> 2> 3> 4> 5> 6> 7> 8> 9> 10> 11> 12>  
ArtikelBestellung anlegen - Zwischentabelle
 
(1 Zeile betroffen)
(1 Zeile betroffen)
(1 Zeile betroffen)
(1 Zeile betroffen)
(1 Zeile betroffen)
(1 Zeile betroffen)
(1 Zeile betroffen)
1> 2> 3> 4> 5> 6> 7> 8> 9> 10>  
KundeBestellung anlegen - Zwischentabelle
 
(1 Zeile betroffen)
(1 Zeile betroffen)
(1 Zeile betroffen)
(1 Zeile betroffen)
(1 Zeile betroffen)
1> 2> 3> 4> 5> 6> 7> 8> 9>  
TelefonKunde anlegen - Zwischentabelle
 
(1 Zeile betroffen)
(1 Zeile betroffen)
(1 Zeile betroffen)
(1 Zeile betroffen)
1>  
 
. 
"stopping database creation 15:23:08,16" 
. 
